[INFO]: Current run directory is /openlane/designs/core_cells/runs/SUN1
[INFO]: Preparing LEF files for the nom corner...
[INFO]: Preparing LEF files for the min corner...
[INFO]: Preparing LEF files for the max corner...
[INFO]: Looking for files defined in ::env(EXTRA_GDS_FILES)    
    /openlane/designs/core_cells/macros/counter.gds ...
[INFO]: /openlane/designs/core_cells/macros/counter.gds exists.
[INFO]: Running Synthesis...
[INFO]: Running Single-Corner Static Timing Analysis...
[INFO]: Creating a netlist with power/ground pins.
[INFO]: Running Initial Floorplanning...
[INFO]: Setting Core Dimensions...
[INFO]: Running IO Placement...
[INFO]: Performing Manual Macro Placement...
[INFO]: Running Tap/Decap Insertion...
[INFO]: Power planning with power {vccd1} and ground {vssd1}...
[INFO]: Generating PDN...
[INFO]: Running Global Placement...
[ERROR]: during executing openroad script /openlane/scripts/openroad/replace.tcl
[ERROR]: Exit code: 1
[ERROR]: full log: designs/core_cells/runs/SUN1/logs/placement/8-global.log
[ERROR]: Last 10 lines:
[NesterovSolve] Iter: 420 overflow: 0.366096 HPWL: 3911474
[NesterovSolve] Iter: 430 overflow: 0.364973 HPWL: 3911159
[NesterovSolve] Iter: 440 overflow: 0.363712 HPWL: 3910710
[NesterovSolve] Iter: 450 overflow: 0.361625 HPWL: 3910926
[NesterovSolve] Iter: 460 overflow: 0.355457 HPWL: 3916474
[INFO GPL-0100] worst slack 6.83e-09
[INFO GPL-0103] Weighted 1 nets.
[ERROR GPL-0306] RePlAce diverged at wire/density gradient Sum.
Error: replace.tcl, 91 GPL-0306
child process exited abnormally

[INFO]: Saving runtime environment...
[INFO]: Creating reproducible...
[INFO]: Reproducible packaged: Please tarball and upload designs/core_cells/runs/SUN1/openroad_issue_reproducible if you're going to submit an issue.
[INFO]: Generating final set of reports...
[INFO]: Created manufacturability report at 'designs/core_cells/runs/SUN1/reports/manufacturability.rpt'.
[INFO]: Created metrics report at 'designs/core_cells/runs/SUN1/reports/metrics.csv'.
[INFO]: Saving runtime environment...
[ERROR]: Flow failed.
